<?xml version="1.0" encoding="UTF-8"?>
<testng-results ignored="0" total="1" passed="1" failed="0" skipped="0">
  <reporter-output>
  </reporter-output>
  <suite started-at="2022-04-02T10:50:32 IST" name="Default suite" finished-at="2022-04-02T10:51:08 IST" duration-ms="35620">
    <groups>
    </groups>
    <test started-at="2022-04-02T10:50:32 IST" name="Default test" finished-at="2022-04-02T10:51:08 IST" duration-ms="35620">
      <class name="TestCases.VerifySignUp">
        <test-method is-config="true" signature="urlLAunch()[pri:0, instance:TestCases.VerifySignUp@48f278eb]" started-at="2022-04-02T10:50:32 IST" name="urlLAunch" finished-at="2022-04-02T10:50:45 IST" duration-ms="12223" status="PASS">
          <reporter-output>
          </reporter-output>
        </test-method> <!-- urlLAunch -->
        <test-method signature="method1()[pri:0, instance:TestCases.VerifySignUp@48f278eb]" started-at="2022-04-02T10:50:45 IST" name="method1" finished-at="2022-04-02T10:51:08 IST" duration-ms="23297" status="PASS">
          <reporter-output>
          </reporter-output>
        </test-method> <!-- method1 -->
      </class> <!-- TestCases.VerifySignUp -->
    </test> <!-- Default test -->
  </suite> <!-- Default suite -->
</testng-results>
